Corri el:
mar nov 10 11:01:54 -05 2020
begin of the script
['1G4I', '1HK0', '1IET', '1IMQ', '1LVE', '1MSI', '1ONC', '1P2P', '1PDO', '1QND', '1SSO']
analyzing 1G4I
analzying FA22A
size of 1G4I = 3925
Graph (s) |  Centrality(s)
  8.2971  |  0.7028 
  8.1918  |  0.6988 
  8.3037  |  0.6759 
  8.3752  |  0.6710 
  8.4314  |  0.6813 
  8.4144  |  0.7056 
  8.5019  |  0.7076 
  8.1488  |  0.5576 
  7.0072  |  0.5739 
  7.0154  |  0.5776 
  7.0122  |  0.5798 
  7.0881  |  0.5894 
  7.5748  |  0.6139 
  14.1973  |  1.1660 
  14.1249  |  1.1962 
  7.6565  |  0.6024 
  7.1889  |  0.5719 
  7.0477  |  0.5633 
  9.8258  |  1.2049 
  13.6974  |  1.2665 
analzying FA22Y
size of 1G4I = 3939
Graph (s) |  Centrality(s)
  11.3803  |  2.2298 
  11.7715  |  2.1036 
  10.1315  |  2.1759 
  7.7994  |  2.0950 
  7.7808  |  2.1362 
  7.3447  |  2.0847 
  7.1182  |  2.0783 
  7.1518  |  2.0153 
  7.1014  |  2.0689 
  12.7954  |  2.1605 
  7.6871  |  2.1009 
  7.6402  |  2.1187 
  7.8071  |  2.1071 
  7.6420  |  2.1227 
  7.1969  |  2.0814 
  7.1156  |  2.1187 
  7.3091  |  2.1780 
  7.9634  |  2.2209 
  7.8708  |  2.1522 
  7.7876  |  2.1583 
analzying FA106Y
size of 1G4I = 3927
Graph (s) |  Centrality(s)
  7.3549  |  1.8394 
  7.8568  |  1.8801 
  7.8073  |  1.8955 
  7.7354  |  1.8384 
  7.3678  |  1.8822 
  7.2300  |  1.8542 
  7.3859  |  1.8400 
  13.7355  |  3.6795 
  13.6181  |  3.7707 
  13.5013  |  3.5705 
  13.7440  |  3.6218 
  13.5201  |  3.5959 
  10.2406  |  1.8682 
  8.0171  |  1.8637 
  7.6854  |  1.7998 
  7.7899  |  1.9514 
  8.0206  |  1.9191 
  7.7394  |  1.7410 
  7.3334  |  1.6985 
  7.1817  |  1.6876 
analzying FA106I
size of 1G4I = 3940
Graph (s) |  Centrality(s)
  7.1223  |  1.0226 
  7.1555  |  1.1078 
  14.6638  |  2.1787 
  8.0262  |  1.1269 
  7.7410  |  1.0554 
  7.7854  |  1.1152 
  8.0300  |  1.1451 
  7.9381  |  1.1039 
  7.9129  |  1.0793 
  7.4385  |  1.0990 
  7.1620  |  1.0557 
  7.2675  |  1.0089 
  7.3391  |  1.0159 
  7.4451  |  1.0958 
  8.2727  |  1.0941 
  8.1096  |  1.0125 
  7.7945  |  1.0665 
  8.1155  |  1.1346 
  7.9159  |  1.0721 
  7.5897  |  1.0626 
analzying FA106A
size of 1G4I = 3947
Graph (s) |  Centrality(s)
  7.3100  |  0.3819 
  7.3279  |  0.3686 
  14.1052  |  0.8682 
  15.3881  |  0.7632 
  7.9411  |  0.4254 
  7.7530  |  0.4211 
  8.0564  |  0.4160 
  8.1083  |  0.4088 
  8.1506  |  0.4111 
  7.7590  |  0.3853 
  7.4530  |  0.3671 
  7.3437  |  0.3653 
  7.3414  |  0.3659 
  7.2941  |  0.3935 
  7.4009  |  0.3785 
  7.4385  |  0.3845 
  7.3567  |  0.3706 
  7.3439  |  0.3593 
  7.4546  |  0.3814 
  7.5404  |  0.3634 
analzying HA48N
size of 1G4I = 3932
Graph (s) |  Centrality(s)
  7.2735  |  1.2586 
  7.3437  |  1.2912 
  8.1371  |  1.3044 
  9.0307  |  1.2987 
  7.5943  |  1.3016 
  10.6165  |  1.3299 
  8.1547  |  1.2884 
  7.9483  |  1.2956 
  7.4739  |  1.2628 
  13.3060  |  2.4693 
  14.0784  |  2.6922 
  8.4704  |  1.3497 
  8.1867  |  1.2557 
  7.9716  |  1.2050 
  14.5833  |  2.6319 
  11.0297  |  1.2725 
  8.0354  |  1.2418 
  7.4868  |  1.2104 
  7.3375  |  1.2296 
  7.2621  |  1.2348 
analzying FA22I
size of 1G4I = 3916
Graph (s) |  Centrality(s)
  7.2842  |  1.1913 
  7.9360  |  1.1863 
  8.0068  |  1.1415 
  7.4684  |  1.2014 
  8.0054  |  1.1638 
  7.9947  |  1.2404 
  7.7951  |  1.1492 
  7.2595  |  1.1478 
  7.2083  |  1.1455 
  7.1815  |  1.1179 
  7.7037  |  1.1342 
  8.2140  |  1.1884 
  7.9915  |  1.1899 
  8.0089  |  1.1762 
  7.7218  |  1.2003 
  8.0670  |  1.2074 
  7.9894  |  1.1533 
  10.0172  |  1.1381 
  7.3534  |  1.1522 
  7.3636  |  1.1750 
analzying HA48A
size of 1G4I = 3939
Graph (s) |  Centrality(s)
  7.5519  |  0.5920 
  13.5347  |  1.1896 
  13.7464  |  1.1965 
  13.6128  |  1.1298 
  13.6920  |  1.2487 
  8.2054  |  0.6145 
  14.9607  |  1.2310 
  15.5994  |  1.1901 
  13.9599  |  1.1323 
  13.6187  |  1.1215 
  12.7493  |  0.6121 
  8.1215  |  0.5915 
  8.1618  |  0.5920 
  7.8851  |  0.6045 
  8.2398  |  0.6220 
  8.4227  |  0.6298 
  8.2552  |  0.5924 
  7.5980  |  0.5679 
  7.3355  |  0.5810 
  7.5982  |  0.6248 
analyzing WT of 1G4I
size of 1G4I = 3822
Graph (s) | Centrality (all mutants 9)(s)
  7.5599  |  20.5522 
  7.2724  |  19.7398 
  7.8740  |  19.9083 
  7.4541  |  20.4750 
  7.6628  |  19.6936 
  7.1147  |  19.6888 
  7.1053  |  19.2774 
  11.4217  |  33.5099 
  7.6653  |  18.9470 
  7.5306  |  20.2304 
  7.5778  |  20.1625 
  7.8422  |  19.0625 
  7.0092  |  19.9099 
  7.2910  |  19.9610 
  7.0889  |  19.2955 
  7.9946  |  19.9594 
  7.5031  |  19.8684 
  7.1438  |  19.7457 
  7.0624  |  19.1298 
  6.9582  |  19.5272 
analzying HA48Q
size of 1G4I = 3932
Graph (s) |  Centrality(s)
  8.1801  |  1.1290 
  8.0417  |  1.0412 
  13.5844  |  1.0736 
  8.1043  |  1.1187 
  7.7737  |  1.0306 
  13.7556  |  2.0846 
  13.9233  |  2.2021 
  8.1507  |  1.1223 
  8.0724  |  1.0731 
  8.0287  |  1.0838 
  7.5770  |  1.1293 
  7.9546  |  1.1427 
  8.0535  |  1.0950 
  8.0478  |  1.1381 
  7.6550  |  1.1065 
  7.3054  |  1.1178 
  7.3358  |  1.0927 
  7.2964  |  1.0654 
  7.6114  |  1.1254 
  14.3395  |  2.1854 
analyzing 1HK0
analzying QX143A
size of 1HK0 = 4098
Graph (s) |  Centrality(s)
  19.7028  |  2.7451 
  18.6816  |  2.6429 
  16.4406  |  1.3312 
  17.4893  |  1.3660 
  10.1569  |  1.3696 
  10.6273  |  1.4085 
  10.7509  |  1.4047 
  10.7153  |  1.3614 
  9.7338  |  1.3676 
  9.8026  |  1.3680 
  9.8602  |  1.3569 
  9.7607  |  1.3825 
  9.9699  |  1.3367 
  9.9935  |  1.3922 
  9.8638  |  1.3598 
  18.0129  |  2.6953 
  18.7257  |  2.7808 
  11.9127  |  1.3242 
  10.2937  |  1.4231 
  10.8049  |  1.4198 
analyzing WT of 1HK0
size of 1HK0 = 4117
Graph (s) | Centrality (all mutants 10)(s)
  10.2007  |  28.1651 
  10.8544  |  28.2702 
  10.7237  |  27.8018 
  10.0168  |  29.1465 
  10.8049  |  27.4487 
  9.7764  |  29.0317 
  10.4135  |  28.4054 
  10.4281  |  27.5612 
  10.0217  |  28.1202 
  9.9564  |  27.6243 
  10.1761  |  27.7547 
  11.0422  |  27.7306 
  9.5629  |  27.9860 
  10.7497  |  28.5938 
  15.1073  |  47.5988 
  10.7968  |  28.0945 
  10.0151  |  26.6520 
  11.0339  |  27.6874 
  10.8283  |  28.3894 
  15.5922  |  27.9124 
analzying MX147A
size of 1HK0 = 4112
Graph (s) |  Centrality(s)
  10.0511  |  1.1169 
  9.8956  |  1.1562 
  9.7732  |  1.1562 
  17.6631  |  2.2955 
  20.0636  |  2.2638 
  19.9958  |  2.2172 
  18.7288  |  2.2173 
  9.7145  |  1.1313 
  10.5781  |  1.1675 
  20.1469  |  2.3737 
  18.4801  |  1.2121 
  9.8949  |  1.1377 
  9.5738  |  1.1348 
  18.7370  |  2.3842 
  19.9171  |  2.3149 
  14.6410  |  1.1395 
  9.5765  |  1.0983 
  9.6408  |  1.1938 
  11.0082  |  1.2298 
  10.8375  |  1.2708 
analzying IX81A
size of 1HK0 = 4108
Graph (s) |  Centrality(s)
  10.4608  |  1.1263 
  10.7856  |  1.2069 
  16.7482  |  2.4948 
  15.1286  |  1.1760 
  9.8678  |  1.2282 
  9.9217  |  1.2700 
  16.5682  |  1.4573 
  10.1203  |  1.2372 
  10.0814  |  1.1960 
  9.6788  |  1.1843 
  17.7901  |  2.4479 
  19.7057  |  2.4913 
  10.7485  |  1.2211 
  10.2728  |  1.1633 
  9.6078  |  1.1454 
  9.8084  |  1.2207 
  10.6962  |  1.1908 
  10.7745  |  1.1966 
  19.0723  |  2.5487 
  13.4622  |  1.2383 
analzying MX43A
size of 1HK0 = 4114
Graph (s) |  Centrality(s)
  9.9975  |  1.1764 
  9.6502  |  1.1645 
  9.6989  |  1.2194 
  10.8667  |  1.1910 
  10.3352  |  1.1727 
  10.7621  |  1.2437 
  10.7169  |  1.1665 
  9.7966  |  1.1616 
  9.6693  |  1.1971 
  10.7024  |  1.2552 
  11.2023  |  1.2523 
  10.6244  |  1.2033 
  10.6781  |  1.2126 
  10.8048  |  1.2579 
  10.6158  |  1.2270 
  9.9226  |  1.2103 
  9.8579  |  1.2197 
  9.9886  |  1.2339 
  9.9298  |  1.2291 
  9.9709  |  1.1997 
analzying VX170A
size of 1HK0 = 4123
Graph (s) |  Centrality(s)
  10.0687  |  1.3302 
  9.9763  |  1.2341 
  17.5522  |  2.2697 
  10.0293  |  1.2593 
  19.0073  |  2.5196 
  20.4375  |  2.5838 
  18.3964  |  2.3896 
  9.6428  |  1.1005 
  13.9792  |  1.1573 
  10.8217  |  1.1649 
  10.4344  |  1.1596 
  10.7091  |  1.1617 
  10.9591  |  1.1635 
  16.2118  |  2.3420 
  11.0569  |  1.2276 
  9.7000  |  1.1629 
  14.8291  |  1.2497 
  10.4641  |  1.1279 
  10.6931  |  1.1873 
  11.0293  |  1.1602 
analzying FX56A
size of 1HK0 = 4115
Graph (s) |  Centrality(s)
  9.8465  |  1.2929 
  9.5110  |  1.3654 
  10.5640  |  1.3981 
  11.0420  |  1.3907 
  10.5429  |  1.3368 
  10.4739  |  1.3790 
  20.1517  |  1.3603 
  9.7589  |  1.3548 
  9.8241  |  1.3201 
  9.6594  |  1.3453 
  9.7600  |  1.3685 
  18.3223  |  2.6916 
  18.2729  |  2.6613 
  9.6593  |  1.2839 
  9.5309  |  1.3032 
  13.8692  |  1.3796 
  10.6308  |  1.3698 
  10.4244  |  1.3318 
  10.7514  |  1.3425 
  10.0252  |  1.3210 
analzying RX79A
size of 1HK0 = 4101
Graph (s) |  Centrality(s)
  17.8643  |  1.0496 
  10.7752  |  1.0768 
  10.8599  |  1.0748 
  10.2480  |  1.0922 
  10.9354  |  1.0881 
  10.5948  |  1.1275 
  10.1700  |  1.0494 
  9.5755  |  1.0597 
  9.5953  |  1.0445 
  10.1965  |  1.0950 
  10.7997  |  1.1197 
  10.1156  |  1.0886 
  20.1382  |  2.0363 
  18.1399  |  2.2357 
  16.6734  |  1.0409 
  19.5225  |  1.0492 
  9.9606  |  1.0817 
  10.9472  |  1.1296 
  10.7652  |  1.1861 
  9.8843  |  1.0435 
analzying VX132A
size of 1HK0 = 4110
Graph (s) |  Centrality(s)
  9.7589  |  1.3490 
  9.7579  |  1.3382 
  9.6506  |  1.4263 
  9.7436  |  1.4094 
  14.8359  |  1.3762 
  9.6618  |  1.3967 
  18.3004  |  2.8892 
  20.0305  |  2.6800 
  13.4658  |  1.4750 
  10.5427  |  1.3578 
  9.8116  |  1.3490 
  10.0689  |  1.4362 
  11.1288  |  1.3765 
  11.4263  |  2.7801 
  20.7361  |  2.9258 
  18.8407  |  2.6465 
  18.2263  |  2.8812 
  20.0073  |  2.8022 
  12.8868  |  1.4183 
  10.2671  |  1.4485 
analzying QX54A
size of 1HK0 = 4108
Graph (s) |  Centrality(s)
  9.6602  |  1.2845 
  10.4431  |  1.3440 
  10.7815  |  1.3162 
  10.8423  |  1.2721 
  10.5029  |  1.3123 
  10.7464  |  1.3466 
  10.6718  |  1.2965 
  17.9136  |  2.5329 
  9.9779  |  1.2942 
  10.0547  |  1.2844 
  9.8465  |  1.3040 
  10.1725  |  1.3444 
  9.9989  |  1.2701 
  9.8046  |  1.2537 
  9.6539  |  1.2847 
  9.7988  |  1.3460 
  10.9300  |  1.3592 
  10.4145  |  1.2761 
  10.8173  |  1.4112 
  10.6683  |  1.3185 
analzying LX145A
size of 1HK0 = 4114
Graph (s) |  Centrality(s)
  9.7375  |  1.3969 
  9.7595  |  1.4630 
  10.8619  |  1.4270 
  10.8146  |  1.4277 
  10.4315  |  1.4383 
  10.9044  |  1.4599 
  10.8296  |  1.5429 
  10.1814  |  1.3847 
  9.7789  |  2.8388 
  15.6569  |  1.5244 
  10.7312  |  1.4956 
  10.1977  |  1.4766 
  11.0028  |  1.4870 
  10.2238  |  1.4564 
  9.6613  |  1.3847 
  10.7040  |  2.8387 
  13.7427  |  1.4353 
  10.8354  |  1.3859 
  10.7897  |  1.4108 
  10.8855  |  1.3715 
analyzing 1IET
analyzing WT of 1IET
size of 1IET = 3218
Graph (s) | Centrality (all mutants 1)(s)
  5.4503  |  0.4359 
  4.9608  |  0.4244 
  6.8145  |  0.8165 
  9.0745  |  0.8589 
  9.0819  |  0.7818 
  9.1279  |  0.7750 
  9.0648  |  0.8326 
  5.3039  |  0.4136 
  4.8654  |  0.4053 
  4.8826  |  0.4224 
  4.8893  |  0.4463 
  9.0572  |  0.7657 
  7.9195  |  0.4185 
  5.4005  |  0.4097 
  5.3009  |  0.4243 
  4.9940  |  0.4100 
  5.3137  |  0.3703 
  5.4316  |  0.4007 
  5.3562  |  0.4082 
  5.1575  |  0.4081 
analzying DA60R
size of 1IET = 3216
Graph (s) |  Centrality(s)
  9.0614  |  1.5914 
  4.8542  |  0.8082 
  4.9186  |  0.8464 
  5.2105  |  0.8092 
  5.4365  |  0.8539 
  5.3936  |  0.8370 
  5.4780  |  0.8424 
  5.3275  |  0.8224 
  5.0591  |  0.8003 
  5.3183  |  0.8519 
  9.2928  |  1.6452 
  10.1085  |  1.6109 
  5.0458  |  0.8537 
  4.8773  |  0.8387 
  4.9224  |  0.8339 
  4.9014  |  0.8589 
  4.9507  |  0.8551 
  5.4161  |  0.8833 
  5.3625  |  0.8682 
  5.4102  |  0.8097 
analyzing 1IMQ
analzying VA71I
size of 1IMQ = 2824
Graph (s) |  Centrality(s)
  3.9347  |  0.8852 
  4.1681  |  0.9032 
  4.1551  |  0.9229 
  4.1769  |  0.9030 
  6.7734  |  1.6836 
  7.0066  |  1.7733 
  7.0227  |  1.7432 
  7.6742  |  1.8185 
  7.8280  |  1.8446 
  4.1681  |  0.9515 
  4.1797  |  0.8775 
  3.9126  |  0.8747 
  4.0583  |  0.8989 
  4.1289  |  0.9178 
  4.1625  |  0.9446 
  7.7541  |  1.7779 
  7.5195  |  1.7436 
  7.0420  |  1.7381 
  5.3944  |  0.8675 
  7.0551  |  1.7370 
analzying AA25G
size of 1IMQ = 2824
Graph (s) |  Centrality(s)
  7.1105  |  0.4145 
  7.0617  |  0.4010 
  7.0643  |  0.3635 
  7.0445  |  0.3923 
  7.0983  |  0.4001 
  7.0410  |  0.3540 
  7.0682  |  0.3587 
  3.7658  |  0.1831 
  3.7702  |  0.1829 
  7.0561  |  0.3785 
  6.7298  |  0.3824 
  7.1938  |  0.4013 
  4.1292  |  0.2119 
  4.1265  |  0.1947 
  4.2004  |  0.1934 
  4.0830  |  0.1853 
  3.9295  |  0.2063 
  3.9840  |  0.2051 
  4.1855  |  0.2042 
  4.1919  |  0.2042 
analyzing WT of 1IMQ
size of 1IMQ = 2824
Graph (s) | Centrality (all mutants 8)(s)
  4.2682  |  5.8287 
  3.8263  |  5.5419 
  3.8189  |  5.4745 
  4.0166  |  5.8717 
  4.1536  |  5.7026 
  4.4032  |  5.6960 
  7.8652  |  11.5166 
  7.1399  |  10.9629 
  7.0795  |  11.1783 
  7.6231  |  11.2696 
  4.2624  |  5.6201 
  3.8228  |  5.6709 
  4.2754  |  5.6770 
  4.3603  |  5.7222 
  3.9001  |  5.6165 
  4.2295  |  5.5290 
  4.2649  |  5.5651 
  3.8419  |  5.4483 
  3.8705  |  5.2870 
  3.7987  |  5.5228 
analzying VA34L
size of 1IMQ = 2808
Graph (s) |  Centrality(s)
  7.1139  |  1.4698 
  3.8343  |  0.7199 
  3.7738  |  0.6717 
  3.7992  |  0.6613 
  3.7606  |  0.6691 
  3.8629  |  0.7134 
  3.8410  |  0.6976 
  3.8626  |  0.6706 
  3.7249  |  0.7142 
  3.7713  |  0.6525 
  3.8258  |  0.6139 
  6.1725  |  1.2458 
  7.1699  |  1.2670 
  6.4302  |  0.6790 
  4.1860  |  0.6587 
  4.0303  |  0.5720 
  6.6550  |  0.5906 
  4.1628  |  0.5909 
  4.2075  |  0.5829 
  7.3792  |  1.1472 
analzying EA41V
size of 1IMQ = 2824
Graph (s) |  Centrality(s)
  3.8817  |  0.6678 
  3.8462  |  0.7002 
  3.7963  |  0.6883 
  3.8370  |  0.7154 
  3.9463  |  0.7415 
  4.1866  |  0.7004 
  4.2074  |  0.7357 
  4.1471  |  0.7540 
  4.2832  |  0.7206 
  4.2131  |  0.7615 
  3.9534  |  0.7062 
  4.0741  |  0.7501 
  4.1938  |  0.7276 
  4.2108  |  0.6828 
  7.3600  |  1.3912 
  7.6811  |  1.3794 
  7.1721  |  1.3999 
  7.0839  |  1.3808 
  6.9873  |  1.3221 
  7.1738  |  1.4105 
analzying VA68I
size of 1IMQ = 2823
Graph (s) |  Centrality(s)
  4.1549  |  0.9030 
  4.2100  |  0.8889 
  4.1789  |  0.9086 
  3.9160  |  0.8873 
  4.0344  |  0.9099 
  7.6430  |  1.7286 
  7.8003  |  1.6830 
  3.8429  |  0.8280 
  3.8010  |  0.8579 
  3.8303  |  0.8392 
  3.7713  |  0.8517 
  6.5853  |  1.7190 
  7.6797  |  1.6788 
  4.1816  |  0.8764 
  4.1788  |  0.9042 
  4.2103  |  0.8774 
  3.9372  |  0.8265 
  4.0571  |  0.8965 
  4.2303  |  0.8084 
  4.2353  |  0.8541 
analzying EA31L
size of 1IMQ = 2817
Graph (s) |  Centrality(s)
  4.5585  |  0.3666 
  4.1602  |  0.3612 
  4.1934  |  0.3664 
  4.0303  |  0.3388 
  3.8667  |  0.3212 
  3.8900  |  0.3733 
  7.0254  |  0.7234 
  7.0250  |  0.4122 
  3.9472  |  0.4164 
  3.9730  |  0.3785 
  3.8298  |  0.4020 
  3.8718  |  0.3908 
  3.8713  |  0.3868 
  3.9536  |  0.3902 
  3.9050  |  0.3894 
  3.9006  |  0.4171 
  3.9552  |  0.4365 
  6.9210  |  0.8664 
  7.0529  |  0.8599 
  7.0882  |  0.9658 
analzying VA37L
size of 1IMQ = 2821
Graph (s) |  Centrality(s)
  7.0641  |  1.7974 
  6.9812  |  1.8492 
  7.4170  |  1.9112 
  7.5607  |  1.8917 
  4.1673  |  0.8980 
  6.7390  |  1.8260 
  7.6037  |  1.8162 
  7.7093  |  1.8481 
  7.1013  |  1.7488 
  7.0585  |  1.7852 
  7.4429  |  1.8022 
  7.0159  |  1.7947 
  7.6781  |  1.8133 
  4.6566  |  0.8826 
  3.8319  |  0.8863 
  4.1094  |  0.9004 
  4.1392  |  0.9019 
  4.2235  |  0.9294 
  7.8493  |  1.8587 
  7.3830  |  1.7682 
analzying VA19L
size of 1IMQ = 2815
Graph (s) |  Centrality(s)
  6.9784  |  1.6102 
  7.0226  |  1.6496 
  6.9473  |  1.6561 
  5.7721  |  0.8622 
  4.1880  |  0.8644 
  4.2034  |  0.8749 
  3.9557  |  0.8046 
  3.9013  |  0.8802 
  4.1628  |  0.8434 
  4.3405  |  0.8414 
  4.2125  |  0.9271 
  7.5307  |  1.7384 
  7.0137  |  1.6743 
  7.0694  |  1.6681 
  7.7929  |  1.7478 
  7.7396  |  1.8017 
  4.1949  |  0.8615 
  4.0014  |  0.8189 
  4.0471  |  0.9115 
  4.1414  |  0.8498 
analyzing 1LVE
analyzing WT of 1LVE
size of 1LVE = 3557
Graph (s) | Centrality (all mutants 1)(s)
  6.6678  |  0.8997 
  6.6795  |  0.9007 
  6.4047  |  0.8125 
  6.0418  |  0.8172 
  6.1211  |  0.8595 
  6.1566  |  0.8973 
  6.2694  |  0.8545 
  6.1388  |  0.8830 
  6.1375  |  0.9373 
  11.3054  |  1.7532 
  11.3309  |  1.7604 
  11.2773  |  1.7569 
  6.1047  |  0.8652 
  5.9643  |  0.8803 
  6.4776  |  0.8746 
  6.6895  |  0.8719 
  11.9391  |  1.7526 
  12.6810  |  1.7647 
  7.4227  |  0.8400 
  6.1023  |  0.8453 
analzying MA4L
size of 1LVE = 3557
Graph (s) |  Centrality(s)
  6.0033  |  0.8444 
  6.0806  |  0.8270 
  11.3609  |  1.7266 
  12.5717  |  1.7211 
  11.9177  |  1.8672 
  7.9304  |  0.8952 
  6.7917  |  0.8705 
  6.6663  |  0.9078 
  6.3392  |  0.8614 
  6.1243  |  0.8761 
  6.0797  |  0.8756 
  5.9776  |  0.8695 
  11.7570  |  1.7763 
  8.6727  |  0.8915 
  6.6007  |  0.8183 
  6.4178  |  0.7916 
  12.4869  |  1.6261 
  11.9185  |  1.6543 
  6.1305  |  0.9074 
  6.1688  |  0.9137 
analyzing 1MSI
analzying DA36A
size of 1MSI = 2144
Graph (s) |  Centrality(s)
  2.1959  |  0.1949 
  2.1049  |  0.2094 
  2.0824  |  0.2221 
  2.2310  |  0.2055 
  2.3558  |  0.2184 
  2.2951  |  0.2137 
  2.2933  |  0.1888 
  2.2931  |  0.1977 
  2.3221  |  0.2082 
  2.2467  |  0.2003 
  2.2555  |  0.1978 
  2.3045  |  0.2188 
  2.3324  |  0.2032 
  2.3044  |  0.2011 
  4.0933  |  0.3973 
  2.1437  |  0.1980 
  3.9383  |  0.4103 
  4.1775  |  0.4153 
  4.2032  |  0.3788 
  4.2555  |  0.3812 
analzying RA47A
size of 1MSI = 2142
Graph (s) |  Centrality(s)
  4.1747  |  0.3620 
  4.2250  |  0.3820 
  4.2603  |  0.3597 
  3.8504  |  0.3666 
  3.8301  |  0.3533 
  2.3102  |  0.1933 
  2.1543  |  0.1952 
  2.1496  |  0.1820 
  2.1581  |  0.1849 
  2.1367  |  0.1940 
  2.1576  |  0.1772 
  3.7063  |  0.3685 
  3.8491  |  0.3655 
  3.8179  |  0.3514 
  3.8572  |  0.3881 
  3.8172  |  0.3674 
  3.8244  |  0.3760 
  3.8495  |  0.3579 
  2.1304  |  0.1893 
  2.1364  |  0.1840 
analzying DA58N
size of 1MSI = 2142
Graph (s) |  Centrality(s)
  2.2127  |  0.3809 
  3.6536  |  0.7431 
  2.1914  |  0.3659 
  2.1626  |  0.3843 
  2.1732  |  0.3732 
  3.8881  |  0.7518 
  3.9412  |  0.3664 
  2.0786  |  0.3641 
  3.8457  |  0.7480 
  3.8600  |  0.7560 
  3.8714  |  0.7314 
  3.8777  |  0.7570 
  2.6053  |  0.5949 
  2.3211  |  0.4139 
  4.3073  |  0.8251 
  4.3071  |  0.8269 
  4.2324  |  0.7680 
  3.9549  |  0.7878 
  4.1919  |  0.8423 
  4.2551  |  0.7892 
analzying EA25A
size of 1MSI = 2168
Graph (s) |  Centrality(s)
  4.3139  |  0.3710 
  2.3641  |  0.2227 
  2.3559  |  0.2353 
  2.3347  |  0.2001 
  2.2426  |  0.1953 
  2.1773  |  0.1789 
  2.1532  |  0.1723 
  2.1186  |  0.1678 
  2.1490  |  0.1765 
  2.1485  |  0.1732 
  2.1467  |  0.1707 
  3.9149  |  0.3395 
  3.9142  |  0.3539 
  4.0274  |  0.4049 
  4.3245  |  0.3518 
  4.3351  |  0.3581 
  2.3909  |  0.1734 
  2.3962  |  0.1785 
  2.3402  |  0.1862 
  2.3408  |  0.2090 
analzying RA39A
size of 1MSI = 2140
Graph (s) |  Centrality(s)
  2.3219  |  0.1955 
  2.2911  |  0.1950 
  2.3362  |  0.2225 
  3.9411  |  0.3978 
  3.9643  |  0.3816 
  4.0492  |  0.1896 
  2.3052  |  0.2175 
  2.3115  |  0.2055 
  2.3227  |  0.1988 
  2.2995  |  0.2110 
  2.2925  |  0.2177 
  2.2893  |  0.2163 
  2.2904  |  0.2113 
  2.3346  |  0.2024 
  3.9743  |  0.3913 
  3.9248  |  0.3672 
  3.8632  |  0.3953 
  3.8425  |  0.3958 
  3.8303  |  0.4110 
  2.0884  |  0.2158 
analyzing WT of 1MSI
size of 1MSI = 2142
Graph (s) | Centrality (all mutants 6)(s)
  2.1253  |  2.9600 
  2.0995  |  2.9960 
  2.0960  |  3.1035 
  2.1852  |  3.1722 
  2.3525  |  3.2508 
  2.2960  |  3.2505 
  2.3010  |  3.1109 
  3.3871  |  6.3561 
  3.4455  |  3.1778 
  4.2247  |  6.3770 
  3.9729  |  6.1483 
  3.8702  |  6.3023 
  2.1066  |  3.2104 
  2.2743  |  3.2689 
  2.3294  |  3.2439 
  2.3138  |  3.2983 
  2.2942  |  3.2801 
  2.2948  |  3.2528 
  3.9864  |  6.3692 
  4.2587  |  6.3742 
analzying RA23A
size of 1MSI = 2149
Graph (s) |  Centrality(s)
  2.3817  |  0.2489 
  2.3465  |  0.2388 
  2.2870  |  0.2376 
  3.5177  |  0.4677 
  4.3439  |  0.4558 
  3.9274  |  0.4515 
  3.8904  |  0.4421 
  3.8916  |  0.4550 
  3.9124  |  0.4673 
  3.9211  |  0.4727 
  3.8875  |  0.4900 
  3.9032  |  0.4660 
  3.9173  |  0.4781 
  3.3566  |  0.4882 
  3.2970  |  0.4842 
  3.9295  |  0.4806 
  3.9012  |  0.4637 
  2.1790  |  0.2378 
  3.9084  |  0.4793 
  3.8904  |  0.4661 
analyzing 1ONC
analzying FA28A
size of 1ONC = 3042
Graph (s) |  Centrality(s)
  8.8387  |  0.8028 
  6.9138  |  0.3821 
  4.6583  |  0.3937 
  4.6200  |  0.3818 
  4.5315  |  0.3621 
  8.0445  |  0.7459 
  6.5094  |  0.3991 
  5.0496  |  0.4188 
  8.4377  |  0.4009 
  4.7513  |  0.3821 
  4.9208  |  0.3830 
  5.1005  |  0.3958 
  5.1584  |  0.3948 
  5.0611  |  0.3928 
  4.7845  |  0.3892 
  4.7503  |  0.3632 
  4.5939  |  0.3636 
  4.5725  |  0.3784 
  4.6304  |  0.3622 
  4.9662  |  0.3836 
analzying MA23L
size of 1ONC = 3197
Graph (s) |  Centrality(s)
  5.6101  |  0.7914 
  9.8971  |  1.5803 
  5.6376  |  0.8285 
  5.3549  |  0.8081 
  5.3779  |  0.8161 
  5.5903  |  0.8668 
  5.5802  |  1.1626 
  5.4852  |  0.8659 
  5.6064  |  0.8472 
  5.1775  |  0.8256 
  4.9443  |  0.7847 
  8.6568  |  1.6489 
  5.0628  |  0.8118 
  5.0242  |  0.8691 
  5.5875  |  0.8794 
  5.5620  |  0.8740 
  7.9794  |  0.8134 
  5.3568  |  0.8424 
  5.5762  |  0.8504 
  10.3418  |  1.6494 
analzying FA36Y
size of 1ONC = 3199
Graph (s) |  Centrality(s)
  9.6177  |  3.9103 
  9.5935  |  4.2936 
  10.4994  |  4.1171 
  10.3147  |  4.0532 
  10.3511  |  4.0989 
  10.4987  |  4.0132 
  9.4436  |  4.0308 
  5.2652  |  2.0360 
  5.2950  |  2.0830 
  5.1935  |  2.0460 
  5.3193  |  1.9896 
  5.1790  |  2.0204 
  5.1857  |  1.9839 
  5.2291  |  2.0624 
  5.1790  |  2.0491 
  5.1400  |  2.0128 
  5.1913  |  2.0333 
  5.0647  |  1.9362 
  9.4828  |  3.9964 
  9.7217  |  4.1776 
analyzing WT of 1ONC
size of 1ONC = 3193
Graph (s) | Centrality (all mutants 3)(s)
  5.5166  |  4.5938 
  5.3331  |  4.3028 
  5.5996  |  4.4818 
  5.5110  |  4.3428 
  5.2339  |  4.3406 
  9.4648  |  8.7524 
  10.3372  |  8.9093 
  10.2426  |  8.8380 
  10.5968  |  8.5224 
  9.8370  |  8.3220 
  5.0305  |  4.1895 
  5.1334  |  4.4079 
  5.6384  |  4.0071 
  5.5996  |  4.2145 
  5.1867  |  4.1616 
  10.3754  |  8.5046 
  9.5724  |  7.8948 
  5.2075  |  4.1710 
  5.6536  |  4.2478 
  5.6700  |  4.3152 
analyzing 1P2P
analyzing WT of 1P2P
size of 1P2P = 3515
Graph (s) | Centrality (all mutants 3)(s)
  6.7502  |  9.0152 
  6.9935  |  9.2121 
  6.6458  |  8.6879 
  6.4515  |  8.6661 
  6.4356  |  8.4912 
  11.9426  |  17.3479 
  12.0488  |  17.3221 
  12.1751  |  17.5712 
  6.5626  |  8.6828 
  7.1221  |  8.2927 
  6.4062  |  8.5427 
  6.9871  |  8.9749 
  7.1252  |  8.7919 
  6.7344  |  8.9405 
  6.9900  |  8.7511 
  6.5302  |  8.5230 
  6.3512  |  8.4767 
  6.4743  |  9.0096 
  11.3987  |  8.9369 
  7.1639  |  8.8062 
analzying HA48N
size of 1P2P = 3714
Graph (s) |  Centrality(s)
  7.1000  |  1.4102 
  6.8454  |  1.4039 
  6.8694  |  1.5390 
  7.8613  |  1.5263 
  7.7262  |  1.5764 
  7.7005  |  1.4682 
  7.0858  |  1.5058 
  7.7070  |  1.5118 
  7.7217  |  1.5380 
  7.6930  |  1.5229 
  7.1265  |  1.5200 
  6.9371  |  1.4638 
  7.1121  |  1.4845 
  12.8083  |  3.0418 
  10.5347  |  1.4991 
  7.0159  |  1.4408 
  7.0348  |  1.4447 
  6.9700  |  1.4176 
  12.2349  |  2.8104 
  12.7645  |  2.8596 
analzying HA48K
size of 1P2P = 3746
Graph (s) |  Centrality(s)
  7.4019  |  2.3649 
  14.4649  |  4.4829 
  14.0553  |  4.5432 
  14.0219  |  4.4471 
  12.9903  |  4.4655 
  13.8480  |  4.7049 
  7.8188  |  2.2486 
  13.9970  |  4.6061 
  7.8711  |  2.3090 
  7.7211  |  2.3474 
  7.7078  |  2.5021 
  7.3129  |  2.2315 
  12.0409  |  2.2747 
  6.9296  |  2.2736 
  10.0628  |  2.3392 
  7.8074  |  2.3431 
  7.4768  |  2.2305 
  7.5711  |  2.2868 
  7.8132  |  2.3124 
  7.5827  |  2.2573 
analzying HA48Q
size of 1P2P = 3709
Graph (s) |  Centrality(s)
  6.9999  |  1.4285 
  6.8055  |  1.4856 
  13.8016  |  3.0523 
  14.2322  |  3.0344 
  13.7629  |  2.8871 
  14.5578  |  2.9585 
  7.6026  |  1.4762 
  7.0026  |  1.4651 
  7.0690  |  1.5167 
  7.0333  |  1.5259 
  12.0167  |  2.9305 
  12.7670  |  2.9818 
  7.0709  |  1.5338 
  7.0294  |  1.5186 
  7.1151  |  1.5370 
  7.1121  |  1.4540 
  6.8690  |  1.4944 
  6.9165  |  1.5881 
  7.6758  |  1.5096 
  7.7583  |  1.5364 
analyzing 1PDO
analzying WA69F
size of 1PDO = 3637
Graph (s) |  Centrality(s)
  6.7629  |  1.8423 
  13.3327  |  3.4427 
  7.0776  |  1.8607 
  6.6526  |  1.7402 
  6.5285  |  1.7328 
  6.5479  |  1.8557 
  7.2223  |  1.8452 
  7.2052  |  1.7961 
  7.2358  |  1.9676 
  6.8164  |  1.7164 
  7.2863  |  1.8288 
  7.2465  |  1.8739 
  7.2324  |  1.6806 
  12.0785  |  3.5704 
  12.0940  |  3.5165 
  12.0332  |  3.3928 
  7.2665  |  1.7334 
  7.1320  |  1.7768 
  6.8678  |  1.6927 
  7.1088  |  1.8059 
analzying WA12F
size of 1PDO = 3635
Graph (s) |  Centrality(s)
  12.4333  |  5.9882 
  12.3327  |  5.6647 
  12.1404  |  5.6615 
  7.2534  |  2.9495 
  7.2398  |  2.9657 
  7.1111  |  2.9870 
  13.2072  |  6.0309 
  13.5028  |  5.8645 
  6.6580  |  2.8911 
  6.6250  |  2.9158 
  6.7312  |  2.9158 
  12.1732  |  5.7611 
  6.6680  |  2.9145 
  6.6897  |  2.9762 
  6.6770  |  2.9511 
  12.1940  |  5.8911 
  12.0601  |  5.7514 
  7.1694  |  2.8915 
  7.2522  |  2.9189 
  6.9793  |  2.9807 
analzying WA33F
size of 1PDO = 3637
Graph (s) |  Centrality(s)
  7.1650  |  2.4298 
  7.4465  |  2.5480 
  7.0822  |  2.5189 
  6.6106  |  2.4791 
  11.7261  |  4.8602 
  8.7024  |  2.5543 
  7.2170  |  2.5229 
  7.4073  |  2.5238 
  12.9944  |  5.1815 
  13.2020  |  5.0177 
  7.0613  |  2.4874 
  6.5469  |  2.5070 
  6.5710  |  2.3893 
  6.4966  |  2.3577 
  7.0399  |  2.4744 
  7.3745  |  2.3881 
  6.8814  |  2.3250 
  7.1275  |  2.5339 
  10.8346  |  2.3969 
  6.7315  |  2.4053 
analyzing WT of 1PDO
size of 1PDO = 3637
Graph (s) | Centrality (all mutants 3)(s)
  6.5554  |  8.3985 
  7.2990  |  9.0484 
  7.3196  |  8.8551 
  6.6291  |  9.0101 
  7.3173  |  9.0623 
  7.0188  |  8.8818 
  6.7395  |  8.6422 
  11.8842  |  16.9598 
  11.8918  |  12.7382 
  12.2636  |  14.7619 
  6.5625  |  8.7266 
  7.2813  |  8.7325 
  6.9060  |  8.7408 
  7.3387  |  8.8141 
  6.7201  |  8.2098 
  6.5169  |  8.3272 
  7.3422  |  8.6878 
  7.2740  |  8.6748 
  6.9386  |  8.6315 
  7.2828  |  8.9641 
analyzing 1QND
analzying CA71S
size of 1QND = 3242
Graph (s) |  Centrality(s)
  5.7791  |  1.0989 
  5.5484  |  1.0591 
  5.3823  |  1.0880 
  5.4091  |  1.1001 
  5.6928  |  1.1446 
  6.0469  |  1.1773 
  6.0256  |  1.0694 
  9.9248  |  2.2055 
  10.7568  |  2.3437 
  11.1954  |  2.3040 
  10.7335  |  2.0302 
  8.1454  |  1.0748 
  5.4691  |  1.1036 
  5.4085  |  1.0634 
  5.9105  |  1.1661 
  6.0037  |  1.1050 
  5.9726  |  1.1384 
  5.9491  |  1.0944 
  10.4862  |  2.2318 
  11.1590  |  2.3279 
analyzing WT of 1QND
size of 1QND = 3263
Graph (s) | Centrality (all mutants 1)(s)
  11.5809  |  29.1007 
  5.7029  |  22.1704 
  10.3503  |  31.0918 
  5.4887  |  19.1740 
  5.8253  |  19.4582 
  5.8493  |  19.2848 
  10.6904  |  21.0457 
  5.5059  |  21.0275 
  6.1381  |  20.3587 
  6.0848  |  20.9195 
  5.6710  |  20.0090 
  5.4579  |  19.8333 
  6.1682  |  21.0622 
  6.3516  |  20.2121 
  5.4770  |  20.8206 
  6.0516  |  21.5547 
  5.7543  |  20.6068 
  6.0960  |  20.1763 
  5.6572  |  20.1425 
  10.3108  |  38.1466 
analyzing 1SSO
analzying IA29V
size of 1SSO = 2499
Graph (s) |  Centrality(s)
  5.2202  |  1.3924 
  5.1405  |  1.3748 
  5.1103  |  1.3824 
  5.1623  |  1.4313 
  5.1160  |  1.3840 
  3.0629  |  0.7522 
  3.0832  |  0.7503 
  3.0507  |  0.7125 
  5.4714  |  1.4445 
  5.5076  |  1.3923 
  5.2537  |  1.4135 
  5.6023  |  1.5205 
  5.6895  |  1.4903 
  5.5738  |  1.4630 
  5.3549  |  1.4379 
  5.1529  |  1.4260 
  5.1199  |  1.4282 
  5.1350  |  1.4029 
  5.5499  |  1.4143 
  2.9667  |  0.7224 
analyzing WT of 1SSO
size of 1SSO = 2499
Graph (s) | Centrality (all mutants 1)(s)
  3.0146  |  0.6849 
  3.0503  |  0.6259 
  3.1389  |  0.6607 
  3.0000  |  0.6491 
  3.1054  |  0.6797 
  4.8804  |  1.3368 
  5.3691  |  1.3352 
  5.4850  |  1.2768 
  5.6654  |  1.2386 
  5.6742  |  1.3841 
  5.7229  |  1.3282 
  4.6002  |  0.6526 
  2.8511  |  0.6354 
  2.8324  |  0.5826 
  5.1526  |  1.3240 
  5.1680  |  1.2883 
  5.1111  |  1.2949 
  5.1103  |  1.3168 
  5.6749  |  1.3402 
  5.6395  |  1.3133 
End of script
12154.113754034042
Finalicé la ejecución del script 

mar nov 10 14:24:57 -05 2020
